Using a slow image processor as `use_fast` is unset and a slow processor was saved with this model. `use_fast=True` will be the default behavior in v4.52, even if the model was saved with a slow processor. This will result in minor differences in outputs. You'll still be able to use a slow processor with `use_fast=False`.
2025-06-01 12:19:03.631 | INFO     | __main__:get_image_embedding:20 - processing 0 to 32
2025-06-01 12:19:13.033 | INFO     | __main__:get_image_embedding:20 - processing 32 to 64
2025-06-01 12:19:21.335 | INFO     | __main__:get_image_embedding:20 - processing 64 to 96
2025-06-01 12:19:28.432 | INFO     | __main__:get_image_embedding:20 - processing 96 to 128
2025-06-01 12:19:31.128 | INFO     | __main__:get_image_embedding:20 - processing 128 to 160
2025-06-01 12:19:39.931 | INFO     | __main__:get_image_embedding:20 - processing 160 to 192
2025-06-01 12:19:45.231 | INFO     | __main__:get_image_embedding:20 - processing 192 to 224
2025-06-01 12:19:48.029 | INFO     | __main__:get_image_embedding:20 - processing 224 to 256
2025-06-01 12:19:50.526 | INFO     | __main__:get_image_embedding:20 - processing 256 to 288
2025-06-01 12:19:52.632 | INFO     | __main__:get_image_embedding:20 - processing 288 to 320
2025-06-01 12:19:55.227 | INFO     | __main__:get_image_embedding:20 - processing 320 to 352
2025-06-01 12:19:59.229 | INFO     | __main__:get_image_embedding:20 - processing 352 to 384
2025-06-01 12:20:03.035 | INFO     | __main__:get_image_embedding:20 - processing 384 to 416
2025-06-01 12:20:05.728 | INFO     | __main__:get_image_embedding:20 - processing 416 to 448
2025-06-01 12:20:12.836 | INFO     | __main__:get_image_embedding:20 - processing 448 to 480
2025-06-01 12:20:16.533 | INFO     | __main__:get_image_embedding:20 - processing 480 to 512
2025-06-01 12:20:22.033 | INFO     | __main__:get_image_embedding:20 - processing 512 to 544
2025-06-01 12:20:24.230 | INFO     | __main__:get_image_embedding:20 - processing 544 to 576
2025-06-01 12:20:31.732 | INFO     | __main__:get_image_embedding:20 - processing 576 to 608
2025-06-01 12:20:47.426 | INFO     | __main__:get_image_embedding:20 - processing 608 to 640
2025-06-01 12:20:57.027 | INFO     | __main__:get_image_embedding:20 - processing 640 to 672
2025-06-01 12:21:00.033 | INFO     | __main__:get_image_embedding:20 - processing 672 to 704
2025-06-01 12:21:04.234 | INFO     | __main__:get_image_embedding:20 - processing 704 to 736
2025-06-01 12:21:08.634 | INFO     | __main__:get_image_embedding:20 - processing 736 to 768
2025-06-01 12:21:11.228 | INFO     | __main__:get_image_embedding:20 - processing 768 to 800
2025-06-01 12:21:13.133 | INFO     | __main__:get_image_embedding:20 - processing 800 to 832
2025-06-01 12:21:15.829 | INFO     | __main__:get_image_embedding:20 - processing 832 to 864
2025-06-01 12:21:22.626 | INFO     | __main__:get_image_embedding:20 - processing 864 to 896
2025-06-01 12:21:28.933 | INFO     | __main__:get_image_embedding:20 - processing 896 to 928
2025-06-01 12:21:32.529 | INFO     | __main__:get_image_embedding:20 - processing 928 to 960
2025-06-01 12:21:34.528 | INFO     | __main__:get_image_embedding:20 - processing 960 to 992
2025-06-01 12:21:42.334 | INFO     | __main__:get_image_embedding:20 - processing 992 to 1024
2025-06-01 12:21:50.029 | INFO     | __main__:get_image_embedding:20 - processing 1024 to 1056
2025-06-01 12:21:53.931 | INFO     | __main__:get_image_embedding:20 - processing 1056 to 1088
2025-06-01 12:22:06.127 | INFO     | __main__:get_image_embedding:20 - processing 1088 to 1120
2025-06-01 12:22:11.335 | INFO     | __main__:get_image_embedding:20 - processing 1120 to 1152
2025-06-01 12:22:15.126 | INFO     | __main__:get_image_embedding:20 - processing 1152 to 1184
2025-06-01 12:22:23.829 | INFO     | __main__:get_image_embedding:20 - processing 1184 to 1216
2025-06-01 12:22:28.330 | INFO     | __main__:get_image_embedding:20 - processing 1216 to 1248
2025-06-01 12:22:38.336 | INFO     | __main__:get_image_embedding:20 - processing 1248 to 1280
2025-06-01 12:22:45.036 | INFO     | __main__:get_image_embedding:20 - processing 1280 to 1312
2025-06-01 12:22:49.028 | INFO     | __main__:get_image_embedding:20 - processing 1312 to 1344
2025-06-01 12:22:53.427 | INFO     | __main__:get_image_embedding:20 - processing 1344 to 1376
2025-06-01 12:22:59.733 | INFO     | __main__:get_image_embedding:20 - processing 1376 to 1408
2025-06-01 12:23:01.927 | INFO     | __main__:get_image_embedding:20 - processing 1408 to 1440
2025-06-01 12:23:03.628 | INFO     | __main__:get_image_embedding:20 - processing 1440 to 1472
2025-06-01 12:23:23.831 | INFO     | __main__:get_image_embedding:20 - processing 1472 to 1504
2025-06-01 12:23:31.632 | INFO     | __main__:get_image_embedding:20 - processing 1504 to 1536
2025-06-01 12:23:43.936 | INFO     | __main__:get_image_embedding:20 - processing 1536 to 1568
2025-06-01 12:23:50.730 | INFO     | __main__:get_image_embedding:20 - processing 1568 to 1600
2025-06-01 12:24:07.426 | INFO     | __main__:get_image_embedding:20 - processing 1600 to 1632
2025-06-01 12:24:13.135 | INFO     | __main__:get_image_embedding:20 - processing 1632 to 1664
2025-06-01 12:24:16.726 | INFO     | __main__:get_image_embedding:20 - processing 1664 to 1696
2025-06-01 12:24:21.233 | INFO     | __main__:get_image_embedding:20 - processing 1696 to 1728
2025-06-01 12:24:27.026 | INFO     | __main__:get_image_embedding:20 - processing 1728 to 1760
2025-06-01 12:24:30.231 | INFO     | __main__:get_image_embedding:20 - processing 1760 to 1792
2025-06-01 12:24:37.033 | INFO     | __main__:get_image_embedding:20 - processing 1792 to 1824
2025-06-01 12:24:39.433 | INFO     | __main__:get_image_embedding:20 - processing 1824 to 1856
2025-06-01 12:24:42.934 | INFO     | __main__:get_image_embedding:20 - processing 1856 to 1888
2025-06-01 12:24:48.932 | INFO     | __main__:get_image_embedding:20 - processing 1888 to 1920
2025-06-01 12:25:00.542 | INFO     | __main__:get_image_embedding:20 - processing 1920 to 1952
2025-06-01 12:25:09.530 | INFO     | __main__:get_image_embedding:20 - processing 1952 to 1984
2025-06-01 12:25:12.130 | INFO     | __main__:get_image_embedding:20 - processing 1984 to 2016
2025-06-01 12:25:16.136 | INFO     | __main__:get_image_embedding:20 - processing 2016 to 2048
2025-06-01 12:25:18.526 | INFO     | __main__:get_image_embedding:20 - processing 2048 to 2080
2025-06-01 12:25:24.832 | INFO     | __main__:get_image_embedding:20 - processing 2080 to 2112
2025-06-01 12:25:30.331 | INFO     | __main__:get_image_embedding:20 - processing 2112 to 2144
2025-06-01 12:25:48.832 | INFO     | __main__:get_image_embedding:20 - processing 2144 to 2176
2025-06-01 12:26:06.537 | INFO     | __main__:get_image_embedding:20 - processing 2176 to 2208
2025-06-01 12:26:22.227 | INFO     | __main__:get_image_embedding:20 - processing 2208 to 2240
2025-06-01 12:26:28.832 | INFO     | __main__:get_image_embedding:20 - processing 2240 to 2272
2025-06-01 12:26:49.932 | INFO     | __main__:get_image_embedding:20 - processing 2272 to 2304
2025-06-01 12:26:59.937 | INFO     | __main__:get_image_embedding:20 - processing 2304 to 2336
2025-06-01 12:27:09.826 | INFO     | __main__:get_image_embedding:20 - processing 2336 to 2368
2025-06-01 12:27:17.730 | INFO     | __main__:get_image_embedding:20 - processing 2368 to 2400
2025-06-01 12:27:28.136 | INFO     | __main__:get_image_embedding:20 - processing 2400 to 2432
2025-06-01 12:27:41.936 | INFO     | __main__:get_image_embedding:20 - processing 2432 to 2464
2025-06-01 12:27:46.732 | INFO     | __main__:get_image_embedding:20 - processing 2464 to 2496
2025-06-01 12:27:49.937 | INFO     | __main__:get_image_embedding:20 - processing 2496 to 2528
2025-06-01 12:27:52.237 | INFO     | __main__:get_image_embedding:20 - processing 2528 to 2560
2025-06-01 12:28:14.539 | INFO     | __main__:get_image_embedding:20 - processing 2560 to 2592
2025-06-01 12:28:28.038 | INFO     | __main__:get_image_embedding:20 - processing 2592 to 2624
2025-06-01 12:28:37.226 | INFO     | __main__:get_image_embedding:20 - processing 2624 to 2656
2025-06-01 12:28:58.738 | INFO     | __main__:get_image_embedding:20 - processing 2656 to 2688
2025-06-01 12:29:10.032 | INFO     | __main__:get_image_embedding:20 - processing 2688 to 2720
2025-06-01 12:29:23.827 | INFO     | __main__:get_image_embedding:20 - processing 2720 to 2752
2025-06-01 12:29:37.835 | INFO     | __main__:get_image_embedding:20 - processing 2752 to 2784
2025-06-01 12:29:43.326 | INFO     | __main__:get_image_embedding:20 - processing 2784 to 2816
2025-06-01 12:29:58.139 | INFO     | __main__:get_image_embedding:20 - processing 2816 to 2848
2025-06-01 12:30:03.130 | INFO     | __main__:get_image_embedding:20 - processing 2848 to 2880
2025-06-01 12:30:07.135 | INFO     | __main__:get_image_embedding:20 - processing 2880 to 2912
2025-06-01 12:30:12.134 | INFO     | __main__:get_image_embedding:20 - processing 2912 to 2944
2025-06-01 12:30:14.627 | INFO     | __main__:get_image_embedding:20 - processing 2944 to 2976
2025-06-01 12:30:16.137 | INFO     | __main__:get_image_embedding:20 - processing 2976 to 3008
2025-06-01 12:30:18.327 | INFO     | __main__:get_image_embedding:20 - processing 3008 to 3040
2025-06-01 12:30:20.437 | INFO     | __main__:get_image_embedding:20 - processing 3040 to 3072
2025-06-01 12:30:22.228 | INFO     | __main__:get_image_embedding:20 - processing 3072 to 3104
2025-06-01 12:30:23.926 | INFO     | __main__:get_image_embedding:20 - processing 3104 to 3136
2025-06-01 12:30:27.826 | INFO     | __main__:get_image_embedding:20 - processing 3136 to 3168
2025-06-01 12:30:41.139 | INFO     | __main__:get_image_embedding:20 - processing 3168 to 3200
2025-06-01 12:31:04.032 | INFO     | __main__:get_image_embedding:20 - processing 3200 to 3232
2025-06-01 12:31:26.030 | INFO     | __main__:get_image_embedding:20 - processing 3232 to 3264
2025-06-01 12:31:39.034 | INFO     | __main__:get_image_embedding:20 - processing 3264 to 3296
2025-06-01 12:31:49.840 | INFO     | __main__:get_image_embedding:20 - processing 3296 to 3328
2025-06-01 12:32:07.335 | INFO     | __main__:get_image_embedding:20 - processing 3328 to 3360
2025-06-01 12:32:21.335 | INFO     | __main__:get_image_embedding:20 - processing 3360 to 3392
2025-06-01 12:32:32.031 | INFO     | __main__:get_image_embedding:20 - processing 3392 to 3424
2025-06-01 12:32:36.926 | INFO     | __main__:get_image_embedding:20 - processing 3424 to 3456
2025-06-01 12:32:46.726 | INFO     | __main__:get_image_embedding:20 - processing 3456 to 3488
2025-06-01 12:32:59.830 | INFO     | __main__:get_image_embedding:20 - processing 3488 to 3520
2025-06-01 12:33:11.431 | INFO     | __main__:get_image_embedding:20 - processing 3520 to 3552
2025-06-01 12:33:18.527 | INFO     | __main__:get_image_embedding:20 - processing 3552 to 3584
2025-06-01 12:33:29.531 | INFO     | __main__:get_image_embedding:20 - processing 3584 to 3616
2025-06-01 12:33:45.034 | INFO     | __main__:get_image_embedding:20 - processing 3616 to 3648
2025-06-01 12:33:59.130 | INFO     | __main__:get_image_embedding:20 - processing 3648 to 3680
2025-06-01 12:34:05.431 | INFO     | __main__:get_image_embedding:20 - processing 3680 to 3712
2025-06-01 12:34:10.427 | INFO     | __main__:get_image_embedding:20 - processing 3712 to 3744
2025-06-01 12:34:12.831 | INFO     | __main__:get_image_embedding:20 - processing 3744 to 3776
2025-06-01 12:34:24.430 | INFO     | __main__:get_image_embedding:20 - processing 3776 to 3808
2025-06-01 12:34:28.728 | INFO     | __main__:get_image_embedding:20 - processing 3808 to 3840
2025-06-01 12:34:30.827 | INFO     | __main__:get_image_embedding:20 - processing 3840 to 3872
2025-06-01 12:34:34.126 | INFO     | __main__:get_image_embedding:20 - processing 3872 to 3904
2025-06-01 12:34:40.126 | INFO     | __main__:get_image_embedding:20 - processing 3904 to 3936
2025-06-01 12:34:46.326 | INFO     | __main__:get_image_embedding:20 - processing 3936 to 3968
2025-06-01 12:34:50.634 | INFO     | __main__:get_image_embedding:20 - processing 3968 to 4000
2025-06-01 12:34:56.932 | INFO     | __main__:get_image_embedding:20 - processing 4000 to 4032
2025-06-01 12:35:19.226 | INFO     | __main__:get_image_embedding:20 - processing 4032 to 4064
2025-06-01 12:35:40.926 | INFO     | __main__:get_image_embedding:20 - processing 4064 to 4096
2025-06-01 12:35:52.833 | INFO     | __main__:get_image_embedding:20 - processing 4096 to 4128
2025-06-01 12:36:00.029 | INFO     | __main__:get_image_embedding:20 - processing 4128 to 4160
2025-06-01 12:36:06.127 | INFO     | __main__:get_image_embedding:20 - processing 4160 to 4192
2025-06-01 12:36:11.030 | INFO     | __main__:get_image_embedding:20 - processing 4192 to 4224
2025-06-01 12:36:13.233 | INFO     | __main__:get_image_embedding:20 - processing 4224 to 4256
2025-06-01 12:36:16.129 | INFO     | __main__:get_image_embedding:20 - processing 4256 to 4288
2025-06-01 12:36:19.532 | INFO     | __main__:get_image_embedding:20 - processing 4288 to 4320
2025-06-01 12:36:23.226 | INFO     | __main__:get_image_embedding:20 - processing 4320 to 4352
2025-06-01 12:36:28.030 | INFO     | __main__:get_image_embedding:20 - processing 4352 to 4384
2025-06-01 12:36:31.026 | INFO     | __main__:get_image_embedding:20 - processing 4384 to 4416
2025-06-01 12:36:36.526 | INFO     | __main__:get_image_embedding:20 - processing 4416 to 4448
2025-06-01 12:36:49.438 | INFO     | __main__:get_image_embedding:20 - processing 4448 to 4480
2025-06-01 12:36:57.733 | INFO     | __main__:get_image_embedding:20 - processing 4480 to 4512
2025-06-01 12:37:05.229 | INFO     | __main__:get_image_embedding:20 - processing 4512 to 4544
2025-06-01 12:37:12.129 | INFO     | __main__:get_image_embedding:20 - processing 4544 to 4576
2025-06-01 12:37:28.026 | INFO     | __main__:get_image_embedding:20 - processing 4576 to 4608
2025-06-01 12:37:45.032 | INFO     | __main__:get_image_embedding:20 - processing 4608 to 4640
2025-06-01 12:38:05.836 | INFO     | __main__:get_image_embedding:20 - processing 4640 to 4672
2025-06-01 12:38:14.832 | INFO     | __main__:get_image_embedding:20 - processing 4672 to 4704
2025-06-01 12:38:26.726 | INFO     | __main__:get_image_embedding:20 - processing 4704 to 4736
2025-06-01 12:38:30.130 | INFO     | __main__:get_image_embedding:20 - processing 4736 to 4768
2025-06-01 12:38:38.537 | INFO     | __main__:get_image_embedding:20 - processing 4768 to 4800
2025-06-01 12:38:58.636 | INFO     | __main__:get_image_embedding:20 - processing 4800 to 4832
2025-06-01 12:39:10.236 | INFO     | __main__:get_image_embedding:20 - processing 4832 to 4864
2025-06-01 12:39:25.626 | INFO     | __main__:get_image_embedding:20 - processing 4864 to 4896
2025-06-01 12:39:29.927 | INFO     | __main__:get_image_embedding:20 - processing 4896 to 4928
2025-06-01 12:39:32.831 | INFO     | __main__:get_image_embedding:20 - processing 4928 to 4960
2025-06-01 12:39:35.034 | INFO     | __main__:get_image_embedding:20 - processing 4960 to 4992
2025-06-01 12:39:52.133 | INFO     | __main__:get_image_embedding:20 - processing 4992 to 5024
2025-06-01 12:40:01.633 | INFO     | __main__:get_image_embedding:20 - processing 5024 to 5056
2025-06-01 12:40:11.430 | INFO     | __main__:get_image_embedding:20 - processing 5056 to 5088
2025-06-01 12:40:25.033 | INFO     | __main__:get_image_embedding:20 - processing 5088 to 5120
2025-06-01 12:40:35.928 | INFO     | __main__:get_image_embedding:20 - processing 5120 to 5152
2025-06-01 12:40:49.334 | INFO     | __main__:get_image_embedding:20 - processing 5152 to 5184
2025-06-01 12:40:58.026 | INFO     | __main__:get_image_embedding:20 - processing 5184 to 5216
2025-06-01 12:41:03.335 | INFO     | __main__:get_image_embedding:20 - processing 5216 to 5248
2025-06-01 12:41:19.732 | INFO     | __main__:get_image_embedding:20 - processing 5248 to 5280
2025-06-01 12:41:29.337 | INFO     | __main__:get_image_embedding:20 - processing 5280 to 5312
2025-06-01 12:41:40.137 | INFO     | __main__:get_image_embedding:20 - processing 5312 to 5344
2025-06-01 12:41:46.533 | INFO     | __main__:get_image_embedding:20 - processing 5344 to 5376
2025-06-01 12:41:49.433 | INFO     | __main__:get_image_embedding:20 - processing 5376 to 5408
2025-06-01 12:41:55.728 | INFO     | __main__:get_image_embedding:20 - processing 5408 to 5440
2025-06-01 12:42:02.126 | INFO     | __main__:get_image_embedding:20 - processing 5440 to 5472
2025-06-01 12:42:09.535 | INFO     | __main__:get_image_embedding:20 - processing 5472 to 5504
2025-06-01 12:42:19.828 | INFO     | __main__:get_image_embedding:20 - processing 5504 to 5536
2025-06-01 12:42:28.626 | INFO     | __main__:get_image_embedding:20 - processing 5536 to 5568
2025-06-01 12:42:35.532 | INFO     | __main__:get_image_embedding:20 - processing 5568 to 5600
2025-06-01 12:42:54.232 | INFO     | __main__:get_image_embedding:20 - processing 5600 to 5632
2025-06-01 12:43:07.138 | INFO     | __main__:get_image_embedding:20 - processing 5632 to 5664
2025-06-01 12:43:13.926 | INFO     | __main__:get_image_embedding:20 - processing 5664 to 5696
2025-06-01 12:43:22.231 | INFO     | __main__:get_image_embedding:20 - processing 5696 to 5728
2025-06-01 12:43:29.026 | INFO     | __main__:get_image_embedding:20 - processing 5728 to 5760
2025-06-01 12:43:40.726 | INFO     | __main__:get_image_embedding:20 - processing 5760 to 5792
2025-06-01 12:43:47.531 | INFO     | __main__:get_image_embedding:20 - processing 5792 to 5824
2025-06-01 12:43:51.031 | INFO     | __main__:get_image_embedding:20 - processing 5824 to 5856
2025-06-01 12:44:09.326 | INFO     | __main__:get_image_embedding:20 - processing 5856 to 5888
2025-06-01 12:44:28.437 | INFO     | __main__:get_image_embedding:20 - processing 5888 to 5920
2025-06-01 12:44:43.826 | INFO     | __main__:get_image_embedding:20 - processing 5920 to 5952
2025-06-01 12:44:53.332 | INFO     | __main__:get_image_embedding:20 - processing 5952 to 5984
2025-06-01 12:45:04.126 | INFO     | __main__:get_image_embedding:20 - processing 5984 to 6016
2025-06-01 12:45:08.326 | INFO     | __main__:get_image_embedding:20 - processing 6016 to 6048
2025-06-01 12:45:14.727 | INFO     | __main__:get_image_embedding:20 - processing 6048 to 6080
2025-06-01 12:45:30.067 | INFO     | __main__:get_text_embedding:36 - processing 0 to 32
2025-06-01 12:45:41.326 | INFO     | __main__:get_text_embedding:36 - processing 32 to 64
2025-06-01 12:45:54.929 | INFO     | __main__:get_text_embedding:36 - processing 64 to 96
2025-06-01 12:46:06.034 | INFO     | __main__:get_text_embedding:36 - processing 96 to 128
2025-06-01 12:46:12.126 | INFO     | __main__:get_text_embedding:36 - processing 128 to 160
2025-06-01 12:46:13.136 | INFO     | __main__:get_text_embedding:36 - processing 160 to 192
2025-06-01 12:46:14.135 | INFO     | __main__:get_text_embedding:36 - processing 192 to 224
2025-06-01 12:46:18.135 | INFO     | __main__:get_text_embedding:36 - processing 224 to 256
2025-06-01 12:46:28.426 | INFO     | __main__:get_text_embedding:36 - processing 256 to 288
2025-06-01 12:46:32.928 | INFO     | __main__:get_text_embedding:36 - processing 288 to 320
2025-06-01 12:46:33.536 | INFO     | __main__:get_text_embedding:36 - processing 320 to 352
2025-06-01 12:46:38.530 | INFO     | __main__:get_text_embedding:36 - processing 352 to 384
2025-06-01 12:46:48.533 | INFO     | __main__:get_text_embedding:36 - processing 384 to 416
2025-06-01 12:46:52.530 | INFO     | __main__:get_text_embedding:36 - processing 416 to 448
2025-06-01 12:47:07.130 | INFO     | __main__:get_text_embedding:36 - processing 448 to 480
2025-06-01 12:47:07.833 | INFO     | __main__:get_text_embedding:36 - processing 480 to 512
2025-06-01 12:47:08.731 | INFO     | __main__:get_text_embedding:36 - processing 512 to 544
2025-06-01 12:47:11.426 | INFO     | __main__:get_text_embedding:36 - processing 544 to 576
2025-06-01 12:47:17.634 | INFO     | __main__:get_text_embedding:36 - processing 576 to 608
2025-06-01 12:47:20.532 | INFO     | __main__:get_text_embedding:36 - processing 608 to 640
2025-06-01 12:47:26.730 | INFO     | __main__:get_text_embedding:36 - processing 640 to 672
2025-06-01 12:47:29.736 | INFO     | __main__:get_text_embedding:36 - processing 672 to 704
2025-06-01 12:47:38.834 | INFO     | __main__:get_text_embedding:36 - processing 704 to 736
2025-06-01 12:47:41.731 | INFO     | __main__:get_text_embedding:36 - processing 736 to 768
2025-06-01 12:47:43.929 | INFO     | __main__:get_text_embedding:36 - processing 768 to 800
2025-06-01 12:47:45.533 | INFO     | __main__:get_text_embedding:36 - processing 800 to 832
2025-06-01 12:47:46.729 | INFO     | __main__:get_text_embedding:36 - processing 832 to 864
2025-06-01 12:47:49.231 | INFO     | __main__:get_text_embedding:36 - processing 864 to 896
2025-06-01 12:47:51.833 | INFO     | __main__:get_text_embedding:36 - processing 896 to 928
2025-06-01 12:48:04.031 | INFO     | __main__:get_text_embedding:36 - processing 928 to 960
2025-06-01 12:48:08.332 | INFO     | __main__:get_text_embedding:36 - processing 960 to 992
2025-06-01 12:48:15.229 | INFO     | __main__:get_text_embedding:36 - processing 992 to 1024
2025-06-01 12:48:16.535 | INFO     | __main__:get_text_embedding:36 - processing 1024 to 1056
2025-06-01 12:48:18.634 | INFO     | __main__:get_text_embedding:36 - processing 1056 to 1088
2025-06-01 12:48:19.726 | INFO     | __main__:get_text_embedding:36 - processing 1088 to 1120
2025-06-01 12:48:21.536 | INFO     | __main__:get_text_embedding:36 - processing 1120 to 1152
2025-06-01 12:48:23.627 | INFO     | __main__:get_text_embedding:36 - processing 1152 to 1184
2025-06-01 12:48:25.728 | INFO     | __main__:get_text_embedding:36 - processing 1184 to 1216
2025-06-01 12:48:26.233 | INFO     | __main__:get_text_embedding:36 - processing 1216 to 1248
2025-06-01 12:48:31.135 | INFO     | __main__:get_text_embedding:36 - processing 1248 to 1280
2025-06-01 12:48:31.926 | INFO     | __main__:get_text_embedding:36 - processing 1280 to 1312
2025-06-01 12:48:32.628 | INFO     | __main__:get_text_embedding:36 - processing 1312 to 1344
2025-06-01 12:48:38.626 | INFO     | __main__:get_text_embedding:36 - processing 1344 to 1376
2025-06-01 12:48:39.628 | INFO     | __main__:get_text_embedding:36 - processing 1376 to 1408
2025-06-01 12:48:40.326 | INFO     | __main__:get_text_embedding:36 - processing 1408 to 1440
2025-06-01 12:48:41.533 | INFO     | __main__:get_text_embedding:36 - processing 1440 to 1472
2025-06-01 12:48:42.536 | INFO     | __main__:get_text_embedding:36 - processing 1472 to 1504
2025-06-01 12:48:43.635 | INFO     | __main__:get_text_embedding:36 - processing 1504 to 1536
2025-06-01 12:48:44.631 | INFO     | __main__:get_text_embedding:36 - processing 1536 to 1568
2025-06-01 12:48:47.735 | INFO     | __main__:get_text_embedding:36 - processing 1568 to 1600
2025-06-01 12:48:48.335 | INFO     | __main__:get_text_embedding:36 - processing 1600 to 1632
2025-06-01 12:48:49.126 | INFO     | __main__:get_text_embedding:36 - processing 1632 to 1664
2025-06-01 12:48:50.227 | INFO     | __main__:get_text_embedding:36 - processing 1664 to 1696
2025-06-01 12:48:50.826 | INFO     | __main__:get_text_embedding:36 - processing 1696 to 1728
2025-06-01 12:48:53.931 | INFO     | __main__:get_text_embedding:36 - processing 1728 to 1760
2025-06-01 12:49:07.326 | INFO     | __main__:get_text_embedding:36 - processing 1760 to 1792
2025-06-01 12:49:16.036 | INFO     | __main__:get_text_embedding:36 - processing 1792 to 1824
2025-06-01 12:49:18.535 | INFO     | __main__:get_text_embedding:36 - processing 1824 to 1856
2025-06-01 12:49:19.735 | INFO     | __main__:get_text_embedding:36 - processing 1856 to 1888
2025-06-01 12:49:22.734 | INFO     | __main__:get_text_embedding:36 - processing 1888 to 1920
2025-06-01 12:49:32.429 | INFO     | __main__:get_text_embedding:36 - processing 1920 to 1952
2025-06-01 12:49:34.926 | INFO     | __main__:get_text_embedding:36 - processing 1952 to 1984
2025-06-01 12:49:38.132 | INFO     | __main__:get_text_embedding:36 - processing 1984 to 2016
2025-06-01 12:49:40.531 | INFO     | __main__:get_text_embedding:36 - processing 2016 to 2048
2025-06-01 12:49:48.731 | INFO     | __main__:get_text_embedding:36 - processing 2048 to 2080
2025-06-01 12:49:52.132 | INFO     | __main__:get_text_embedding:36 - processing 2080 to 2112
2025-06-01 12:49:54.430 | INFO     | __main__:get_text_embedding:36 - processing 2112 to 2144
2025-06-01 12:49:55.733 | INFO     | __main__:get_text_embedding:36 - processing 2144 to 2176
2025-06-01 12:50:02.130 | INFO     | __main__:get_text_embedding:36 - processing 2176 to 2208
2025-06-01 12:50:03.733 | INFO     | __main__:get_text_embedding:36 - processing 2208 to 2240
2025-06-01 12:50:05.335 | INFO     | __main__:get_text_embedding:36 - processing 2240 to 2272
2025-06-01 12:50:06.029 | INFO     | __main__:get_text_embedding:36 - processing 2272 to 2304
2025-06-01 12:50:06.935 | INFO     | __main__:get_text_embedding:36 - processing 2304 to 2336
2025-06-01 12:50:09.230 | INFO     | __main__:get_text_embedding:36 - processing 2336 to 2368
2025-06-01 12:50:10.435 | INFO     | __main__:get_text_embedding:36 - processing 2368 to 2400
2025-06-01 12:50:12.131 | INFO     | __main__:get_text_embedding:36 - processing 2400 to 2432
2025-06-01 12:50:15.834 | INFO     | __main__:get_text_embedding:36 - processing 2432 to 2464
2025-06-01 12:50:16.531 | INFO     | __main__:get_text_embedding:36 - processing 2464 to 2496
2025-06-01 12:50:17.232 | INFO     | __main__:get_text_embedding:36 - processing 2496 to 2528
2025-06-01 12:50:18.428 | INFO     | __main__:get_text_embedding:36 - processing 2528 to 2560
2025-06-01 12:50:20.235 | INFO     | __main__:get_text_embedding:36 - processing 2560 to 2592
2025-06-01 12:50:22.827 | INFO     | __main__:get_text_embedding:36 - processing 2592 to 2624
2025-06-01 12:50:23.633 | INFO     | __main__:get_text_embedding:36 - processing 2624 to 2656
2025-06-01 12:50:28.834 | INFO     | __main__:get_text_embedding:36 - processing 2656 to 2688
2025-06-01 12:50:29.826 | INFO     | __main__:get_text_embedding:36 - processing 2688 to 2720
2025-06-01 12:50:32.926 | INFO     | __main__:get_text_embedding:36 - processing 2720 to 2752
2025-06-01 12:50:33.734 | INFO     | __main__:get_text_embedding:36 - processing 2752 to 2784
2025-06-01 12:50:35.735 | INFO     | __main__:get_text_embedding:36 - processing 2784 to 2816
2025-06-01 12:50:37.227 | INFO     | __main__:get_text_embedding:36 - processing 2816 to 2848
2025-06-01 12:50:41.937 | INFO     | __main__:get_text_embedding:36 - processing 2848 to 2880
2025-06-01 12:50:51.826 | INFO     | __main__:get_text_embedding:36 - processing 2880 to 2912
2025-06-01 12:50:56.337 | INFO     | __main__:get_text_embedding:36 - processing 2912 to 2944
2025-06-01 12:51:00.032 | INFO     | __main__:get_text_embedding:36 - processing 2944 to 2976
2025-06-01 12:51:01.237 | INFO     | __main__:get_text_embedding:36 - processing 2976 to 3008
2025-06-01 12:51:04.127 | INFO     | __main__:get_text_embedding:36 - processing 3008 to 3040
2025-06-01 12:51:07.835 | INFO     | __main__:get_text_embedding:36 - processing 3040 to 3072
2025-06-01 12:51:13.628 | INFO     | __main__:get_text_embedding:36 - processing 3072 to 3104
2025-06-01 12:51:16.026 | INFO     | __main__:get_text_embedding:36 - processing 3104 to 3136
2025-06-01 12:51:16.726 | INFO     | __main__:get_text_embedding:36 - processing 3136 to 3168
2025-06-01 12:51:18.132 | INFO     | __main__:get_text_embedding:36 - processing 3168 to 3200
2025-06-01 12:51:27.335 | INFO     | __main__:get_text_embedding:36 - processing 3200 to 3232
2025-06-01 12:51:31.026 | INFO     | __main__:get_text_embedding:36 - processing 3232 to 3264
2025-06-01 12:51:37.031 | INFO     | __main__:get_text_embedding:36 - processing 3264 to 3296
2025-06-01 12:51:40.037 | INFO     | __main__:get_text_embedding:36 - processing 3296 to 3328
2025-06-01 12:51:44.435 | INFO     | __main__:get_text_embedding:36 - processing 3328 to 3360
2025-06-01 12:51:51.135 | INFO     | __main__:get_text_embedding:36 - processing 3360 to 3392
2025-06-01 12:51:57.631 | INFO     | __main__:get_text_embedding:36 - processing 3392 to 3424
2025-06-01 12:51:58.732 | INFO     | __main__:get_text_embedding:36 - processing 3424 to 3456
2025-06-01 12:51:59.432 | INFO     | __main__:get_text_embedding:36 - processing 3456 to 3488
2025-06-01 12:52:04.531 | INFO     | __main__:get_text_embedding:36 - processing 3488 to 3520
2025-06-01 12:52:08.827 | INFO     | __main__:get_text_embedding:36 - processing 3520 to 3552
2025-06-01 12:52:09.431 | INFO     | __main__:get_text_embedding:36 - processing 3552 to 3584
2025-06-01 12:52:13.828 | INFO     | __main__:get_text_embedding:36 - processing 3584 to 3616
2025-06-01 12:52:14.731 | INFO     | __main__:get_text_embedding:36 - processing 3616 to 3648
2025-06-01 12:52:15.433 | INFO     | __main__:get_text_embedding:36 - processing 3648 to 3680
2025-06-01 12:52:19.236 | INFO     | __main__:get_text_embedding:36 - processing 3680 to 3712
2025-06-01 12:52:20.132 | INFO     | __main__:get_text_embedding:36 - processing 3712 to 3744
2025-06-01 12:52:21.034 | INFO     | __main__:get_text_embedding:36 - processing 3744 to 3776
2025-06-01 12:52:25.229 | INFO     | __main__:get_text_embedding:36 - processing 3776 to 3808
2025-06-01 12:52:28.633 | INFO     | __main__:get_text_embedding:36 - processing 3808 to 3840
2025-06-01 12:52:29.334 | INFO     | __main__:get_text_embedding:36 - processing 3840 to 3872
2025-06-01 12:52:29.932 | INFO     | __main__:get_text_embedding:36 - processing 3872 to 3904
2025-06-01 12:52:30.737 | INFO     | __main__:get_text_embedding:36 - processing 3904 to 3936
2025-06-01 12:52:31.437 | INFO     | __main__:get_text_embedding:36 - processing 3936 to 3968
2025-06-01 12:52:32.229 | INFO     | __main__:get_text_embedding:36 - processing 3968 to 4000
2025-06-01 12:52:33.030 | INFO     | __main__:get_text_embedding:36 - processing 4000 to 4032
2025-06-01 12:52:33.836 | INFO     | __main__:get_text_embedding:36 - processing 4032 to 4064
2025-06-01 12:52:35.134 | INFO     | __main__:get_text_embedding:36 - processing 4064 to 4096
2025-06-01 12:52:35.933 | INFO     | __main__:get_text_embedding:36 - processing 4096 to 4128
2025-06-01 12:52:39.429 | INFO     | __main__:get_text_embedding:36 - processing 4128 to 4160
2025-06-01 12:52:42.236 | INFO     | __main__:get_text_embedding:36 - processing 4160 to 4192
2025-06-01 12:52:42.929 | INFO     | __main__:get_text_embedding:36 - processing 4192 to 4224
2025-06-01 12:52:45.927 | INFO     | __main__:get_text_embedding:36 - processing 4224 to 4256
2025-06-01 12:52:46.828 | INFO     | __main__:get_text_embedding:36 - processing 4256 to 4288
2025-06-01 12:52:47.336 | INFO     | __main__:get_text_embedding:36 - processing 4288 to 4320
2025-06-01 12:52:49.726 | INFO     | __main__:get_text_embedding:36 - processing 4320 to 4352
2025-06-01 12:52:50.832 | INFO     | __main__:get_text_embedding:36 - processing 4352 to 4384
2025-06-01 12:52:51.833 | INFO     | __main__:get_text_embedding:36 - processing 4384 to 4416
2025-06-01 12:53:02.133 | INFO     | __main__:get_text_embedding:36 - processing 4416 to 4448
2025-06-01 12:53:11.226 | INFO     | __main__:get_text_embedding:36 - processing 4448 to 4480
2025-06-01 12:53:12.532 | INFO     | __main__:get_text_embedding:36 - processing 4480 to 4512
2025-06-01 12:53:15.235 | INFO     | __main__:get_text_embedding:36 - processing 4512 to 4544
2025-06-01 12:53:16.734 | INFO     | __main__:get_text_embedding:36 - processing 4544 to 4576
2025-06-01 12:53:19.031 | INFO     | __main__:get_text_embedding:36 - processing 4576 to 4608
2025-06-01 12:53:26.435 | INFO     | __main__:get_text_embedding:36 - processing 4608 to 4640
2025-06-01 12:53:29.030 | INFO     | __main__:get_text_embedding:36 - processing 4640 to 4672
2025-06-01 12:53:30.935 | INFO     | __main__:get_text_embedding:36 - processing 4672 to 4704
2025-06-01 12:53:31.731 | INFO     | __main__:get_text_embedding:36 - processing 4704 to 4736
2025-06-01 12:53:32.431 | INFO     | __main__:get_text_embedding:36 - processing 4736 to 4768
2025-06-01 12:53:33.328 | INFO     | __main__:get_text_embedding:36 - processing 4768 to 4800
2025-06-01 12:53:37.232 | INFO     | __main__:get_text_embedding:36 - processing 4800 to 4832
2025-06-01 12:53:43.026 | INFO     | __main__:get_text_embedding:36 - processing 4832 to 4864
2025-06-01 12:53:48.126 | INFO     | __main__:get_text_embedding:36 - processing 4864 to 4896
2025-06-01 12:53:48.936 | INFO     | __main__:get_text_embedding:36 - processing 4896 to 4928
2025-06-01 12:53:49.827 | INFO     | __main__:get_text_embedding:36 - processing 4928 to 4960
2025-06-01 12:53:51.032 | INFO     | __main__:get_text_embedding:36 - processing 4960 to 4992
2025-06-01 12:53:52.133 | INFO     | __main__:get_text_embedding:36 - processing 4992 to 5024
2025-06-01 12:54:05.635 | INFO     | __main__:get_text_embedding:36 - processing 5024 to 5056
2025-06-01 12:54:08.627 | INFO     | __main__:get_text_embedding:36 - processing 5056 to 5088
2025-06-01 12:54:12.928 | INFO     | __main__:get_text_embedding:36 - processing 5088 to 5120
2025-06-01 12:54:16.135 | INFO     | __main__:get_text_embedding:36 - processing 5120 to 5152
2025-06-01 12:54:17.234 | INFO     | __main__:get_text_embedding:36 - processing 5152 to 5184
2025-06-01 12:54:17.831 | INFO     | __main__:get_text_embedding:36 - processing 5184 to 5216
2025-06-01 12:54:20.430 | INFO     | __main__:get_text_embedding:36 - processing 5216 to 5248
2025-06-01 12:54:28.227 | INFO     | __main__:get_text_embedding:36 - processing 5248 to 5280
2025-06-01 12:54:28.926 | INFO     | __main__:get_text_embedding:36 - processing 5280 to 5312
2025-06-01 12:54:29.435 | INFO     | __main__:get_text_embedding:36 - processing 5312 to 5344
2025-06-01 12:54:30.036 | INFO     | __main__:get_text_embedding:36 - processing 5344 to 5376
2025-06-01 12:54:30.933 | INFO     | __main__:get_text_embedding:36 - processing 5376 to 5408
2025-06-01 12:54:31.536 | INFO     | __main__:get_text_embedding:36 - processing 5408 to 5440
2025-06-01 12:54:32.231 | INFO     | __main__:get_text_embedding:36 - processing 5440 to 5472
2025-06-01 12:54:33.331 | INFO     | __main__:get_text_embedding:36 - processing 5472 to 5504
2025-06-01 12:54:33.931 | INFO     | __main__:get_text_embedding:36 - processing 5504 to 5536
2025-06-01 12:54:34.437 | INFO     | __main__:get_text_embedding:36 - processing 5536 to 5568
2025-06-01 12:54:35.737 | INFO     | __main__:get_text_embedding:36 - processing 5568 to 5600
2025-06-01 12:54:36.533 | INFO     | __main__:get_text_embedding:36 - processing 5600 to 5632
2025-06-01 12:54:37.227 | INFO     | __main__:get_text_embedding:36 - processing 5632 to 5664
2025-06-01 12:54:37.736 | INFO     | __main__:get_text_embedding:36 - processing 5664 to 5696
2025-06-01 12:54:38.735 | INFO     | __main__:get_text_embedding:36 - processing 5696 to 5728
2025-06-01 12:54:39.931 | INFO     | __main__:get_text_embedding:36 - processing 5728 to 5760
2025-06-01 12:54:40.927 | INFO     | __main__:get_text_embedding:36 - processing 5760 to 5792
2025-06-01 12:54:41.527 | INFO     | __main__:get_text_embedding:36 - processing 5792 to 5824
2025-06-01 12:54:42.734 | INFO     | __main__:get_text_embedding:36 - processing 5824 to 5856
2025-06-01 12:54:43.730 | INFO     | __main__:get_text_embedding:36 - processing 5856 to 5888
2025-06-01 12:54:44.335 | INFO     | __main__:get_text_embedding:36 - processing 5888 to 5920
2025-06-01 12:54:50.028 | INFO     | __main__:get_text_embedding:36 - processing 5920 to 5952
2025-06-01 12:54:52.727 | INFO     | __main__:get_text_embedding:36 - processing 5952 to 5984
2025-06-01 12:54:54.137 | INFO     | __main__:get_text_embedding:36 - processing 5984 to 6016
2025-06-01 12:54:57.131 | INFO     | __main__:get_text_embedding:36 - processing 6016 to 6048
2025-06-01 12:54:59.026 | INFO     | __main__:get_text_embedding:36 - processing 6048 to 6080
2025-06-01 12:55:05.026 | INFO     | __main__:main:121 - processed 0 batches
2025-06-01 12:55:05.733 | INFO     | __main__:main:121 - processed 10 batches
2025-06-01 12:55:06.526 | INFO     | __main__:main:121 - processed 20 batches
2025-06-01 12:55:07.226 | INFO     | __main__:main:121 - processed 30 batches
2025-06-01 12:55:07.838 | INFO     | __main__:main:121 - processed 40 batches
2025-06-01 12:55:08.426 | INFO     | __main__:main:121 - processed 50 batches
2025-06-01 12:55:08.838 | INFO     | __main__:main:121 - processed 60 batches
2025-06-01 12:55:09.538 | INFO     | __main__:main:121 - processed 70 batches
2025-06-01 12:55:10.238 | INFO     | __main__:main:121 - processed 80 batches
2025-06-01 12:55:10.932 | INFO     | __main__:main:121 - processed 90 batches
2025-06-01 12:55:11.538 | INFO     | __main__:main:121 - processed 100 batches
2025-06-01 12:55:11.828 | INFO     | __main__:main:121 - processed 110 batches
2025-06-01 12:55:11.939 | INFO     | __main__:main:121 - processed 120 batches
2025-06-01 12:55:14.484 | INFO     | __main__:get_image_embedding:20 - processing 0 to 32
2025-06-01 12:55:21.426 | INFO     | __main__:get_image_embedding:20 - processing 32 to 64
2025-06-01 12:55:25.431 | INFO     | __main__:get_image_embedding:20 - processing 64 to 96
2025-06-01 12:55:27.630 | INFO     | __main__:get_image_embedding:20 - processing 96 to 128
2025-06-01 12:55:30.835 | INFO     | __main__:get_image_embedding:20 - processing 128 to 160
2025-06-01 12:55:33.330 | INFO     | __main__:get_image_embedding:20 - processing 160 to 192
2025-06-01 12:55:38.428 | INFO     | __main__:get_image_embedding:20 - processing 192 to 224
2025-06-01 12:55:40.331 | INFO     | __main__:get_image_embedding:20 - processing 224 to 256
2025-06-01 12:55:43.330 | INFO     | __main__:get_image_embedding:20 - processing 256 to 288
2025-06-01 12:55:48.234 | INFO     | __main__:get_image_embedding:20 - processing 288 to 320
2025-06-01 12:55:53.330 | INFO     | __main__:get_image_embedding:20 - processing 320 to 352
2025-06-01 12:55:58.427 | INFO     | __main__:get_image_embedding:20 - processing 352 to 384
2025-06-01 12:56:10.137 | INFO     | __main__:get_image_embedding:20 - processing 384 to 416
2025-06-01 12:56:13.732 | INFO     | __main__:get_image_embedding:20 - processing 416 to 448
2025-06-01 12:56:16.232 | INFO     | __main__:get_image_embedding:20 - processing 448 to 480
2025-06-01 12:56:24.832 | INFO     | __main__:get_image_embedding:20 - processing 480 to 512
2025-06-01 12:56:29.628 | INFO     | __main__:get_image_embedding:20 - processing 512 to 544
2025-06-01 12:56:32.026 | INFO     | __main__:get_image_embedding:20 - processing 544 to 576
2025-06-01 12:56:38.526 | INFO     | __main__:get_image_embedding:20 - processing 576 to 608
2025-06-01 12:56:42.234 | INFO     | __main__:get_image_embedding:20 - processing 608 to 640
2025-06-01 12:56:45.635 | INFO     | __main__:get_image_embedding:20 - processing 640 to 672
2025-06-01 12:56:47.428 | INFO     | __main__:get_image_embedding:20 - processing 672 to 704
2025-06-01 12:56:49.437 | INFO     | __main__:get_image_embedding:20 - processing 704 to 736
2025-06-01 12:56:51.031 | INFO     | __main__:get_image_embedding:20 - processing 736 to 768
2025-06-01 12:56:54.437 | INFO     | __main__:get_image_embedding:20 - processing 768 to 800
2025-06-01 12:57:00.729 | INFO     | __main__:get_image_embedding:20 - processing 800 to 832
2025-06-01 12:57:12.535 | INFO     | __main__:get_image_embedding:20 - processing 832 to 864
2025-06-01 12:57:20.935 | INFO     | __main__:get_image_embedding:20 - processing 864 to 896
2025-06-01 12:57:29.335 | INFO     | __main__:get_image_embedding:20 - processing 896 to 928
2025-06-01 12:57:40.827 | INFO     | __main__:get_image_embedding:20 - processing 928 to 960
2025-06-01 12:57:49.832 | INFO     | __main__:get_image_embedding:20 - processing 960 to 992
2025-06-01 12:57:54.232 | INFO     | __main__:get_image_embedding:20 - processing 992 to 1024
2025-06-01 12:57:57.238 | INFO     | __main__:get_image_embedding:20 - processing 1024 to 1056
2025-06-01 12:58:02.336 | INFO     | __main__:get_image_embedding:20 - processing 1056 to 1088
2025-06-01 12:58:09.730 | INFO     | __main__:get_image_embedding:20 - processing 1088 to 1120
2025-06-01 12:58:15.426 | INFO     | __main__:get_image_embedding:20 - processing 1120 to 1152
2025-06-01 12:58:17.928 | INFO     | __main__:get_image_embedding:20 - processing 1152 to 1184
2025-06-01 12:58:19.731 | INFO     | __main__:get_image_embedding:20 - processing 1184 to 1216
2025-06-01 12:58:21.431 | INFO     | __main__:get_image_embedding:20 - processing 1216 to 1248
2025-06-01 12:58:23.630 | INFO     | __main__:get_image_embedding:20 - processing 1248 to 1280
2025-06-01 12:58:26.836 | INFO     | __main__:get_image_embedding:20 - processing 1280 to 1312
2025-06-01 12:58:29.432 | INFO     | __main__:get_image_embedding:20 - processing 1312 to 1344
2025-06-01 12:58:31.236 | INFO     | __main__:get_image_embedding:20 - processing 1344 to 1376
2025-06-01 12:58:33.831 | INFO     | __main__:get_image_embedding:20 - processing 1376 to 1408
2025-06-01 12:58:39.829 | INFO     | __main__:get_image_embedding:20 - processing 1408 to 1440
2025-06-01 12:58:41.936 | INFO     | __main__:get_image_embedding:20 - processing 1440 to 1472
2025-06-01 12:58:44.628 | INFO     | __main__:get_image_embedding:20 - processing 1472 to 1504
2025-06-01 12:58:48.836 | INFO     | __main__:get_image_embedding:20 - processing 1504 to 1536
2025-06-01 12:58:51.030 | INFO     | __main__:get_image_embedding:20 - processing 1536 to 1568
2025-06-01 12:58:54.730 | INFO     | __main__:get_image_embedding:20 - processing 1568 to 1600
2025-06-01 12:58:56.833 | INFO     | __main__:get_image_embedding:20 - processing 1600 to 1632
2025-06-01 12:58:59.128 | INFO     | __main__:get_image_embedding:20 - processing 1632 to 1664
2025-06-01 12:59:02.035 | INFO     | __main__:get_image_embedding:20 - processing 1664 to 1696
2025-06-01 12:59:05.434 | INFO     | __main__:get_image_embedding:20 - processing 1696 to 1728
2025-06-01 12:59:08.727 | INFO     | __main__:get_image_embedding:20 - processing 1728 to 1760
2025-06-01 12:59:11.028 | INFO     | __main__:get_image_embedding:20 - processing 1760 to 1792
2025-06-01 12:59:12.526 | INFO     | __main__:get_image_embedding:20 - processing 1792 to 1824
2025-06-01 12:59:14.231 | INFO     | __main__:get_image_embedding:20 - processing 1824 to 1856
2025-06-01 12:59:18.132 | INFO     | __main__:get_image_embedding:20 - processing 1856 to 1888
2025-06-01 12:59:19.937 | INFO     | __main__:get_image_embedding:20 - processing 1888 to 1920
2025-06-01 12:59:24.635 | INFO     | __main__:get_image_embedding:20 - processing 1920 to 1952
2025-06-01 12:59:28.726 | INFO     | __main__:get_image_embedding:20 - processing 1952 to 1984
2025-06-01 12:59:33.533 | INFO     | __main__:get_image_embedding:20 - processing 1984 to 2016
2025-06-01 12:59:37.233 | INFO     | __main__:get_image_embedding:20 - processing 2016 to 2048
2025-06-01 12:59:40.237 | INFO     | __main__:get_text_embedding:36 - processing 0 to 32
2025-06-01 12:59:47.926 | INFO     | __main__:get_text_embedding:36 - processing 32 to 64
2025-06-01 12:59:53.531 | INFO     | __main__:get_text_embedding:36 - processing 64 to 96
2025-06-01 12:59:56.330 | INFO     | __main__:get_text_embedding:36 - processing 96 to 128
2025-06-01 12:59:57.229 | INFO     | __main__:get_text_embedding:36 - processing 128 to 160
2025-06-01 12:59:59.327 | INFO     | __main__:get_text_embedding:36 - processing 160 to 192
2025-06-01 12:59:59.829 | INFO     | __main__:get_text_embedding:36 - processing 192 to 224
2025-06-01 13:00:01.237 | INFO     | __main__:get_text_embedding:36 - processing 224 to 256
2025-06-01 13:00:03.126 | INFO     | __main__:get_text_embedding:36 - processing 256 to 288
2025-06-01 13:00:03.837 | INFO     | __main__:get_text_embedding:36 - processing 288 to 320
2025-06-01 13:00:04.927 | INFO     | __main__:get_text_embedding:36 - processing 320 to 352
2025-06-01 13:00:05.529 | INFO     | __main__:get_text_embedding:36 - processing 352 to 384
2025-06-01 13:00:06.134 | INFO     | __main__:get_text_embedding:36 - processing 384 to 416
2025-06-01 13:00:07.129 | INFO     | __main__:get_text_embedding:36 - processing 416 to 448
2025-06-01 13:00:08.128 | INFO     | __main__:get_text_embedding:36 - processing 448 to 480
2025-06-01 13:00:09.029 | INFO     | __main__:get_text_embedding:36 - processing 480 to 512
2025-06-01 13:00:09.932 | INFO     | __main__:get_text_embedding:36 - processing 512 to 544
2025-06-01 13:00:10.745 | INFO     | __main__:get_text_embedding:36 - processing 544 to 576
2025-06-01 13:00:11.527 | INFO     | __main__:get_text_embedding:36 - processing 576 to 608
2025-06-01 13:00:12.131 | INFO     | __main__:get_text_embedding:36 - processing 608 to 640
2025-06-01 13:00:12.635 | INFO     | __main__:get_text_embedding:36 - processing 640 to 672
2025-06-01 13:00:13.427 | INFO     | __main__:get_text_embedding:36 - processing 672 to 704
2025-06-01 13:00:14.035 | INFO     | __main__:get_text_embedding:36 - processing 704 to 736
2025-06-01 13:00:16.930 | INFO     | __main__:get_text_embedding:36 - processing 736 to 768
2025-06-01 13:00:18.529 | INFO     | __main__:get_text_embedding:36 - processing 768 to 800
2025-06-01 13:00:20.235 | INFO     | __main__:get_text_embedding:36 - processing 800 to 832
2025-06-01 13:00:21.035 | INFO     | __main__:get_text_embedding:36 - processing 832 to 864
2025-06-01 13:00:22.030 | INFO     | __main__:get_text_embedding:36 - processing 864 to 896
2025-06-01 13:00:23.726 | INFO     | __main__:get_text_embedding:36 - processing 896 to 928
2025-06-01 13:00:25.028 | INFO     | __main__:get_text_embedding:36 - processing 928 to 960
2025-06-01 13:00:26.129 | INFO     | __main__:get_text_embedding:36 - processing 960 to 992
2025-06-01 13:00:28.542 | INFO     | __main__:get_text_embedding:36 - processing 992 to 1024
2025-06-01 13:00:32.231 | INFO     | __main__:get_text_embedding:36 - processing 1024 to 1056
2025-06-01 13:00:38.537 | INFO     | __main__:get_text_embedding:36 - processing 1056 to 1088
2025-06-01 13:00:47.531 | INFO     | __main__:get_text_embedding:36 - processing 1088 to 1120
2025-06-01 13:00:48.330 | INFO     | __main__:get_text_embedding:36 - processing 1120 to 1152
2025-06-01 13:00:50.629 | INFO     | __main__:get_text_embedding:36 - processing 1152 to 1184
2025-06-01 13:00:52.335 | INFO     | __main__:get_text_embedding:36 - processing 1184 to 1216
2025-06-01 13:00:53.429 | INFO     | __main__:get_text_embedding:36 - processing 1216 to 1248
2025-06-01 13:00:55.435 | INFO     | __main__:get_text_embedding:36 - processing 1248 to 1280
2025-06-01 13:00:56.927 | INFO     | __main__:get_text_embedding:36 - processing 1280 to 1312
2025-06-01 13:00:58.236 | INFO     | __main__:get_text_embedding:36 - processing 1312 to 1344
2025-06-01 13:01:01.037 | INFO     | __main__:get_text_embedding:36 - processing 1344 to 1376
2025-06-01 13:01:03.327 | INFO     | __main__:get_text_embedding:36 - processing 1376 to 1408
2025-06-01 13:01:04.032 | INFO     | __main__:get_text_embedding:36 - processing 1408 to 1440
2025-06-01 13:01:05.132 | INFO     | __main__:get_text_embedding:36 - processing 1440 to 1472
2025-06-01 13:01:05.733 | INFO     | __main__:get_text_embedding:36 - processing 1472 to 1504
2025-06-01 13:01:08.431 | INFO     | __main__:get_text_embedding:36 - processing 1504 to 1536
2025-06-01 13:01:09.827 | INFO     | __main__:get_text_embedding:36 - processing 1536 to 1568
2025-06-01 13:01:11.930 | INFO     | __main__:get_text_embedding:36 - processing 1568 to 1600
2025-06-01 13:01:12.531 | INFO     | __main__:get_text_embedding:36 - processing 1600 to 1632
2025-06-01 13:01:13.128 | INFO     | __main__:get_text_embedding:36 - processing 1632 to 1664
2025-06-01 13:01:13.731 | INFO     | __main__:get_text_embedding:36 - processing 1664 to 1696
2025-06-01 13:01:16.631 | INFO     | __main__:get_text_embedding:36 - processing 1696 to 1728
2025-06-01 13:01:17.232 | INFO     | __main__:get_text_embedding:36 - processing 1728 to 1760
2025-06-01 13:01:18.033 | INFO     | __main__:get_text_embedding:36 - processing 1760 to 1792
2025-06-01 13:01:18.535 | INFO     | __main__:get_text_embedding:36 - processing 1792 to 1824
2025-06-01 13:01:19.532 | INFO     | __main__:get_text_embedding:36 - processing 1824 to 1856
2025-06-01 13:01:20.129 | INFO     | __main__:get_text_embedding:36 - processing 1856 to 1888
2025-06-01 13:01:20.836 | INFO     | __main__:get_text_embedding:36 - processing 1888 to 1920
2025-06-01 13:01:21.436 | INFO     | __main__:get_text_embedding:36 - processing 1920 to 1952
2025-06-01 13:01:22.033 | INFO     | __main__:get_text_embedding:36 - processing 1952 to 1984
2025-06-01 13:01:23.136 | INFO     | __main__:get_text_embedding:36 - processing 1984 to 2016
2025-06-01 13:01:24.837 | INFO     | __main__:get_text_embedding:36 - processing 2016 to 2048
2025-06-01 13:01:31.026 | INFO     | __main__:main:121 - processed 0 batches
2025-06-01 13:01:31.726 | INFO     | __main__:main:121 - processed 10 batches
2025-06-01 13:01:31.728 | INFO     | __main__:main:121 - processed 20 batches
2025-06-01 13:01:31.729 | INFO     | __main__:main:121 - processed 30 batches
2025-06-01 13:01:31.926 | INFO     | __main__:main:121 - processed 40 batches
all images 8091
torch.Size([6069, 512])
torch.Size([6069, 512])
(6069, 6069)
torch.Size([2022, 512])
torch.Size([2022, 512])
(2022, 2022)
